<?xml version="1.0" encoding="UTF-8"?>
<testng-results skipped="0" failed="0" ignored="0" total="1" passed="1">
  <reporter-output>
  </reporter-output>
  <suite name="Default suite" duration-ms="32195" started-at="2018-09-11T10:34:13Z" finished-at="2018-09-11T10:34:46Z">
    <groups>
    </groups>
    <test name="Default test" duration-ms="32195" started-at="2018-09-11T10:34:13Z" finished-at="2018-09-11T10:34:46Z">
      <class name="Demo.homePage">
        <test-method status="PASS" signature="HomePageNavigation()[pri:0, instance:Demo.homePage@224edc67]" name="HomePageNavigation" duration-ms="32039" started-at="2018-09-11T10:34:14Z" finished-at="2018-09-11T10:34:46Z">
          <reporter-output>
          </reporter-output>
        </test-method> <!-- HomePageNavigation -->
      </class> <!-- Demo.homePage -->
    </test> <!-- Default test -->
  </suite> <!-- Default suite -->
</testng-results>
