<?xml version="1.0" encoding="UTF-8"?>
<!-- Generated by org.testng.reporters.JUnitXMLReporter -->
<testsuite hostname="DESKTOP-RMMD0UM" ignored="0" name="Test" tests="2" failures="1" timestamp="05 Sep 2018 12:10:51 GMT" time="32.073" errors="0">
  <testcase name="HomePageNavigation" time="19.131" classname="Demo.homePage"/>
  <testcase name="SignUp" time="12.789" classname="Demo.homePage">
    <failure type="java.lang.NullPointerException">
      <![CDATA[java.lang.NullPointerException
at Demo.homePage.SignUp(homePage.java:28)
... Removed 25 stack frames]]>
    </failure>
  </testcase> <!-- SignUp -->
</testsuite> <!-- Test -->
